Running from: /usr/local/jenkins/jenkins.war
webroot: $user.home/.jenkins
May 12, 2016 9:47:49 AM winstone.Logger logInternal
INFO: Beginning extraction from war file
May 12, 2016 9:47:49 AM org.eclipse.jetty.util.log.JavaUtilLog info
INFO: jetty-winstone-2.9
May 12, 2016 9:47:51 AM org.eclipse.jetty.util.log.JavaUtilLog info
INFO: NO JSP Support for , did not find org.apache.jasper.servlet.JspServlet
Jenkins home directory: /home/ubuntu/.jenkins found at: $user.home/.jenkins
May 12, 2016 9:47:51 AM org.eclipse.jetty.util.log.JavaUtilLog info
INFO: Started SelectChannelConnector@0.0.0.0:8080
May 12, 2016 9:47:51 AM winstone.Logger logInternal
INFO: Winstone Servlet Engine v2.0 running: controlPort=disabled
May 12, 2016 9:47:51 AM jenkins.InitReactorRunner$1 onAttained
INFO: Started initialization
May 12, 2016 9:47:52 AM jenkins.InitReactorRunner$1 onAttained
INFO: Listed all plugins
May 12, 2016 9:47:52 AM jenkins.InitReactorRunner$1 onAttained
INFO: Prepared all plugins
May 12, 2016 9:47:52 AM jenkins.InitReactorRunner$1 onAttained
INFO: Started all plugins
May 12, 2016 9:47:52 AM jenkins.InitReactorRunner$1 onAttained
INFO: Augmented all extensions
May 12, 2016 9:47:55 AM jenkins.InitReactorRunner$1 onAttained
INFO: Loaded all jobs
May 12, 2016 9:47:55 AM hudson.model.AsyncPeriodicWork$1 run
INFO: Started Download metadata
May 12, 2016 9:47:56 AM org.jenkinsci.main.modules.sshd.SSHD start
INFO: Started SSHD at port 48356
May 12, 2016 9:47:56 AM jenkins.InitReactorRunner$1 onAttained
INFO: Completed initialization
May 12, 2016 9:47:56 AM jenkins.InitReactorRunner$1 onAttained
INFO: Started initialization
May 12, 2016 9:47:56 AM jenkins.InitReactorRunner$1 onAttained
INFO: Listed all plugins
May 12, 2016 9:47:56 AM jenkins.InitReactorRunner$1 onAttained
INFO: Prepared all plugins
May 12, 2016 9:47:56 AM jenkins.InitReactorRunner$1 onAttained
INFO: Started all plugins
May 12, 2016 9:47:56 AM jenkins.InitReactorRunner$1 onAttained
INFO: Augmented all extensions
May 12, 2016 9:47:56 AM jenkins.InitReactorRunner$1 onAttained
INFO: Loaded all jobs
May 12, 2016 9:47:56 AM jenkins.InitReactorRunner$1 onAttained
INFO: Completed initialization
May 12, 2016 9:47:56 AM hudson.WebAppMain$3 run
INFO: Jenkins is fully up and running
May 12, 2016 9:47:59 AM hudson.model.UpdateSite updateData
INFO: Obtained the latest update center data file for UpdateSource default
May 12, 2016 9:47:59 AM hudson.model.DownloadService$Downloadable load
INFO: Obtained the updated data file for hudson.tasks.Maven.MavenInstaller
May 12, 2016 9:47:59 AM hudson.model.DownloadService$Downloadable load
INFO: Obtained the updated data file for hudson.tasks.Ant.AntInstaller
May 12, 2016 9:48:00 AM hudson.model.DownloadService$Downloadable load
INFO: Obtained the updated data file for hudson.plugins.sonar.MsBuildSonarQubeRunnerInstaller
May 12, 2016 9:48:00 AM hudson.model.DownloadService$Downloadable load
INFO: Obtained the updated data file for hudson.plugins.sonar.SonarRunnerInstaller
May 12, 2016 9:48:01 AM hudson.model.DownloadService$Downloadable load
INFO: Obtained the updated data file for hudson.tools.JDKInstaller
May 12, 2016 9:48:01 AM hudson.model.AsyncPeriodicWork$1 run
INFO: Finished Download metadata. 5,446 ms
May 12, 2016 10:04:44 AM hudson.model.Run execute
INFO: Sample Java Project #1 main build action completed: FAILURE
May 12, 2016 10:06:18 AM hudson.model.Run execute
INFO: Sample Java Project #2 main build action completed: SUCCESS
May 12, 2016 10:19:01 AM hudson.triggers.SCMTrigger$Runner run
INFO: SCM changes detected in Sample Java Project. Triggering  #3
May 12, 2016 10:19:08 AM hudson.model.Run execute
INFO: Sample Java Project #3 main build action completed: FAILURE
